{"logTime": "1128/064416", "correlationVector":"u41AXKh74YIQv+xzfQsTG8.1","action":"SyncServerConnectionManagerRequest", "result":"SYNC_SERVER_OK", "context":{"environment":"Prod_SoutheastAsia_000j", "migrationStage":"NotStarted", "server":"GENERAL01000013"}}
{"logTime": "1128/064417", "correlationVector":"5vQBzUH14twTUQa3sg7fNF","action":"SyncServerConnectionManagerRequest", "result":"SYNC_SERVER_OK", "context":{"environment":"", "migrationStage":"", "server":""}}
{"logTime": "1128/064417", "correlationVector":"u41AXKh74YIQv+xzfQsTG8","action":"Initial GetUpdates", "result":"", "context":Reason: NEW_CLIENT. cV=u41AXKh74YIQv+xzfQsTG8}
{"logTime": "1128/064417", "correlationVector":"u41AXKh74YIQv+xzfQsTG8.2","action":"GetUpdates Response", "result":"Success", "context":Received 1 update(s). cV=u41AXKh74YIQv+xzfQsTG8.0;server=GENERAL01000013;cloudType=Consumer;environment=Prod_SoutheastAsia_000j;migrationStage=NotStarted}
{"logTime": "1128/064417", "correlationVector":"2qFCpIpO8DsuRkItKEG0SN","action":"Initial GetUpdates", "result":"", "context":Reason: NEWLY_SUPPORTED_DATATYPE. cV=2qFCpIpO8DsuRkItKEG0SN}
{"logTime": "1128/064418", "correlationVector":"2qFCpIpO8DsuRkItKEG0SN.1","action":"SyncServerConnectionManagerRequest", "result":"SYNC_SERVER_OK", "context":{"environment":"Prod_SoutheastAsia_000j", "migrationStage":"Unmigrated", "server":"GENERAL0300000H"}}
{"logTime": "1128/064418", "correlationVector":"2qFCpIpO8DsuRkItKEG0SN.2","action":"GetUpdates Response", "result":"Success", "context":Received 166 update(s). cV=2qFCpIpO8DsuRkItKEG0SN.0;server=GENERAL0300000H;cloudType=Consumer;environment=Prod_SoutheastAsia_000j;migrationStage=Unmigrated}
{"logTime": "1128/064418", "correlationVector":"aZ891Jo+aollY2utMRo10e","action":"Initial GetUpdates", "result":"", "context":Reason: NEWLY_SUPPORTED_DATATYPE. cV=aZ891Jo+aollY2utMRo10e}
{"logTime": "1128/064419", "correlationVector":"aZ891Jo+aollY2utMRo10e.1","action":"SyncServerConnectionManagerRequest", "result":"SYNC_SERVER_OK", "context":{"environment":"Prod_SoutheastAsia_000j", "migrationStage":"Unmigrated", "server":"GENERAL0300001H"}}
{"logTime": "1128/064419", "correlationVector":"aZ891Jo+aollY2utMRo10e.2","action":"GetUpdates Response", "result":"Success", "context":Received 250 update(s). cV=aZ891Jo+aollY2utMRo10e.0;server=GENERAL0300001H;cloudType=Consumer;environment=Prod_SoutheastAsia_000j;migrationStage=Unmigrated Some updates remain.}
{"logTime": "1128/064419", "correlationVector":"RyQ1q1TV+fJwcZDgt0yUeX","action":"Initial GetUpdates", "result":"", "context":Reason: NEWLY_SUPPORTED_DATATYPE. cV=RyQ1q1TV+fJwcZDgt0yUeX}
{"logTime": "1128/064420", "correlationVector":"RyQ1q1TV+fJwcZDgt0yUeX.1","action":"SyncServerConnectionManagerRequest", "result":"SYNC_SERVER_OK", "context":{"environment":"Prod_SoutheastAsia_000j", "migrationStage":"Unmigrated", "server":"GENERAL0100000C"}}
{"logTime": "1128/064420", "correlationVector":"RyQ1q1TV+fJwcZDgt0yUeX.2","action":"GetUpdates", "result":"DeleteReceived", "context":{"id":"2674b69c-ce09-46da-9e39-fbb52b174263", "isDeleted:":"true", "version":"1725254396986"}}
{"logTime": "1128/064420", "correlationVector":"RyQ1q1TV+fJwcZDgt0yUeX.3","action":"GetUpdates", "result":"DeleteReceived", "context":{"id":"0f4866b4-f647-4f5d-811d-4f7a3c6f0f51", "isDeleted:":"true", "version":"1725099360110"}}
{"logTime": "1128/064420", "correlationVector":"RyQ1q1TV+fJwcZDgt0yUeX.4","action":"GetUpdates", "result":"DeleteReceived", "context":{"id":"ef2f5333-3930-4a67-88ae-a387f49eeb9d", "isDeleted:":"true", "version":"1725178523918"}}
{"logTime": "1128/064420", "correlationVector":"RyQ1q1TV+fJwcZDgt0yUeX.5","action":"GetUpdates", "result":"DeleteReceived", "context":{"id":"3e996c08-dff1-47cd-9b93-26e0d5c35e75", "isDeleted:":"true", "version":"1725187056767"}}
{"logTime": "1128/064420", "correlationVector":"RyQ1q1TV+fJwcZDgt0yUeX.6","action":"GetUpdates", "result":"DeleteReceived", "context":{"id":"7d266bbb-ecba-4f4e-ad92-29d64fd0d368", "isDeleted:":"true", "version":"1725190486603"}}
{"logTime": "1128/064420", "correlationVector":"RyQ1q1TV+fJwcZDgt0yUeX.7","action":"GetUpdates", "result":"DeleteReceived", "context":{"id":"d24c6648-4f14-4f97-a7fb-57fc05e57cbd", "isDeleted:":"true", "version":"1725329041260"}}
{"logTime": "1128/064420", "correlationVector":"RyQ1q1TV+fJwcZDgt0yUeX.8","action":"GetUpdates", "result":"DeleteReceived", "context":{"id":"f3ddc830-8709-40c6-984e-68238b70d31d", "isDeleted:":"true", "version":"1725342054492"}}
{"logTime": "1128/064420", "correlationVector":"RyQ1q1TV+fJwcZDgt0yUeX.9","action":"GetUpdates", "result":"DeleteReceived", "context":{"id":"6e8ce2fb-8cfd-47ca-9b7b-0d3f68480311", "isDeleted:":"true", "version":"1725342054495"}}
{"logTime": "1128/064420", "correlationVector":"RyQ1q1TV+fJwcZDgt0yUeX.10","action":"GetUpdates", "result":"DeleteReceived", "context":{"id":"821c9701-62d0-4b58-a4cb-779ceca7e7fe", "isDeleted:":"true", "version":"1725342316290"}}
{"logTime": "1128/064420", "correlationVector":"RyQ1q1TV+fJwcZDgt0yUeX.11","action":"GetUpdates", "result":"DeleteReceived", "context":{"id":"df44e4b3-de1c-46b8-87b5-d3d574985587", "isDeleted:":"true", "version":"1725342789988"}}
{"logTime": "1128/064420", "correlationVector":"RyQ1q1TV+fJwcZDgt0yUeX.12","action":"GetUpdates", "result":"DeleteReceived", "context":{"id":"52ee5291-a101-4e20-9bdc-e9fbc9255cec", "isDeleted:":"true", "version":"1725343022880"}}
{"logTime": "1128/064420", "correlationVector":"RyQ1q1TV+fJwcZDgt0yUeX.13","action":"GetUpdates", "result":"DeleteReceived", "context":{"id":"9eaf4e91-0012-4c3a-a1cb-0995c59bd72d", "isDeleted:":"true", "version":"1725343921131"}}
{"logTime": "1128/064420", "correlationVector":"RyQ1q1TV+fJwcZDgt0yUeX.14","action":"GetUpdates", "result":"DeleteReceived", "context":{"id":"cfbb4c99-a5cd-4ff3-9db6-a8e87fdfa4ce", "isDeleted:":"true", "version":"1725344802337"}}
{"logTime": "1128/064420", "correlationVector":"RyQ1q1TV+fJwcZDgt0yUeX.15","action":"GetUpdates", "result":"DeleteReceived", "context":{"id":"ebe792b5-d35f-4f4d-9f3d-b09ec292f0e9", "isDeleted:":"true", "version":"1725344802338"}}
{"logTime": "1128/064420", "correlationVector":"RyQ1q1TV+fJwcZDgt0yUeX.16","action":"GetUpdates", "result":"DeleteReceived", "context":{"id":"be1b4366-8909-4bef-bc58-9a8f19824411", "isDeleted:":"true", "version":"1725344802339"}}
{"logTime": "1128/064420", "correlationVector":"RyQ1q1TV+fJwcZDgt0yUeX.17","action":"GetUpdates", "result":"DeleteReceived", "context":{"id":"2bdf3299-0d64-4cbf-8fd3-f7a1fd5e28ae", "isDeleted:":"true", "version":"1725344802341"}}
