2024-11-28 06:43:53.140: [INFO][Sync] Reset engine, reason: 8
2024-11-28 06:43:53.140: [INFO][Sync] Stopped: Bookmarks
2024-11-28 06:43:53.140: [INFO][Sync] Stopped: Preferences
2024-11-28 06:43:53.140: [INFO][Sync] Stopped: Passwords
2024-11-28 06:43:53.140: [INFO][Sync] Stopped: Autofill Profiles
2024-11-28 06:43:53.140: [INFO][Sync] Stopped: Autofill
2024-11-28 06:43:53.140: [INFO][Sync] Stopped: Typed URLs
2024-11-28 06:43:53.140: [INFO][Sync] Stopped: Extensions
2024-11-28 06:43:53.140: [INFO][Sync] Stopped: Sessions
2024-11-28 06:43:53.140: [INFO][Sync] Stopped: Extension settings
2024-11-28 06:43:53.140: [INFO][Sync] Stopped: History Delete Directives
2024-11-28 06:43:53.140: [INFO][Sync] Stopped: Device Info
2024-11-28 06:43:53.140: [INFO][Sync] Stopped: User Consents
2024-11-28 06:43:53.140: [INFO][Sync] Stopped: Send Tab To Self
2024-11-28 06:43:53.140: [INFO][Sync] Stopped: Web Apps
2024-11-28 06:43:53.140: [INFO][Sync] Stopped: History
2024-11-28 06:43:53.140: [INFO][Sync] Stopped: Collection
2024-11-28 06:43:53.140: [INFO][Sync] Stopped: Edge E Drop
2024-11-28 06:43:53.140: [INFO][Sync] Stopped: Edge Hub App Usage
2024-11-28 06:43:53.140: [INFO][Sync] Stopped: Edge Tab Group
2024-11-28 06:43:53.140: [INFO][Sync] Stopped: Edge Wallet
2024-11-28 06:43:53.140: [INFO][Sync] SyncState after authenticated was: NotSignedIn
2024-11-28 06:43:53.625: [INFO][Sync] Reset engine, reason: 8
2024-11-28 06:43:53.626: [INFO][Sync] Stopped: Bookmarks
2024-11-28 06:43:53.626: [INFO][Sync] Stopped: Preferences
2024-11-28 06:43:53.626: [INFO][Sync] Stopped: Passwords
2024-11-28 06:43:53.626: [INFO][Sync] Stopped: Autofill Profiles
2024-11-28 06:43:53.626: [INFO][Sync] Stopped: Autofill
2024-11-28 06:43:53.626: [INFO][Sync] Stopped: Typed URLs
2024-11-28 06:43:53.626: [INFO][Sync] Stopped: Extensions
2024-11-28 06:43:53.626: [INFO][Sync] Stopped: Sessions
2024-11-28 06:43:53.626: [INFO][Sync] Stopped: Extension settings
2024-11-28 06:43:53.626: [INFO][Sync] Stopped: History Delete Directives
2024-11-28 06:43:53.626: [INFO][Sync] Stopped: Device Info
2024-11-28 06:43:53.626: [INFO][Sync] Stopped: User Consents
2024-11-28 06:43:53.626: [INFO][Sync] Stopped: Send Tab To Self
2024-11-28 06:43:53.626: [INFO][Sync] Stopped: Web Apps
2024-11-28 06:43:53.626: [INFO][Sync] Stopped: History
2024-11-28 06:43:53.626: [INFO][Sync] Stopped: Collection
2024-11-28 06:43:53.626: [INFO][Sync] Stopped: Edge E Drop
2024-11-28 06:43:53.626: [INFO][Sync] Stopped: Edge Hub App Usage
2024-11-28 06:43:53.626: [INFO][Sync] Stopped: Edge Tab Group
2024-11-28 06:43:53.626: [INFO][Sync] Stopped: Edge Wallet
2024-11-28 06:43:54.367: [INFO][Sync] Try to start sync engine
2024-11-28 06:44:12.570: [INFO][Sync] SyncState after authenticated was: FeatureCanStart
2024-11-28 06:44:15.425: [INFO][Sync] Try to start sync engine
2024-11-28 06:44:15.472: [INFO][SyncAuthManager::SetLastAuthError] Current auth error: None
2024-11-28 06:44:15.472: [INFO][SyncAuthManager::EdgeLogTokenErrorState] Token error with: None for account type: MSA
2024-11-28 06:44:15.472: [INFO][Sync] Credentials changed for: EdgeSyncKeyDataScope
2024-11-28 06:44:15.473: [INFO][SyncManagerImpl::NudgeForInitialDownload] Initial download nudge for Encryption Keys
2024-11-28 06:44:15.473: [INFO][SyncEngineBackend::LoadAndConnectNigoriController] Load and connect Nigori controller
2024-11-28 06:44:15.473: [INFO][SyncEngineBackend::DoInitialize] Control Types added: Encryption Keys
2024-11-28 06:44:15.473: [INFO][SyncManagerImpl::ConfigureSyncer] Types to download: Encryption Keys with reason: 3
2024-11-28 06:44:15.473: [INFO][SyncEngineBackend::DoUpdateKeyDataCredentials] Update key data credentials
2024-11-28 06:44:15.473: [INFO][SyncSchedulerImpl::DoConfigurationSyncCycleJob] Configure job was blocked
2024-11-28 06:44:15.633: [INFO][SyncAuthManager::SetLastAuthError] Current auth error: None
2024-11-28 06:44:15.633: [INFO][SyncAuthManager::EdgeLogTokenErrorState] Token error with: None for account type: MSA
2024-11-28 06:44:15.633: [INFO][Sync] Credentials changed for: EdgeSyncScopeNew
2024-11-28 06:44:15.633: [INFO][SyncEngineBackend::DoUpdateCredentials] Update credentials
2024-11-28 06:44:15.634: [INFO][SyncEngineBackend::DoUpdateKeyDataCredentials] Update key data credentials
2024-11-28 06:44:15.634: [INFO][SyncSchedulerImpl::DoConfigurationSyncCycleJob] Blocked types:  and types to download: Encryption Keys
2024-11-28 06:44:16.207: [INFO][Sync] Started DataTypeManager configuration, reason: 4
2024-11-28 06:44:16.207: [INFO][Sync] Configuring for: Bookmarks, Preferences, Passwords, Autofill Profiles, Autofill, Typed URLs, Extensions, Sessions, Extension settings, History Delete Directives, Device Info, User Consents, Send Tab To Self, Web Apps, Collection, Edge E Drop, Edge Hub App Usage, Edge Tab Group, Edge Wallet, Encryption Keys, reason: 4, current state: 0
2024-11-28 06:44:16.210: [INFO][Sync] Configure, desired: Bookmarks, Preferences, Typed URLs, Extensions, Sessions, Extension settings, History Delete Directives, Device Info, User Consents, Send Tab To Self, Web Apps, Collection, Edge E Drop, Edge Hub App Usage, Edge Tab Group, Edge Wallet, Encryption Keys; Allow fail: Passwords, Autofill Profiles, Autofill
2024-11-28 06:44:16.210: [INFO][Sync] Loading: Bookmarks
2024-11-28 06:44:16.210: [INFO][Sync] Loading: Preferences
2024-11-28 06:44:16.210: [INFO][Sync] Loading: Typed URLs
2024-11-28 06:44:16.211: [INFO][Sync] Loading: Extensions
2024-11-28 06:44:16.211: [INFO][Sync] Loading: Sessions
2024-11-28 06:44:16.211: [INFO][Sync] Loading: Extension settings
2024-11-28 06:44:16.211: [INFO][Sync] Loading: History Delete Directives
2024-11-28 06:44:16.211: [INFO][Sync] Loading: Device Info
2024-11-28 06:44:16.211: [INFO][Sync] Loading: User Consents
2024-11-28 06:44:16.212: [INFO][Sync] Loading: Send Tab To Self
2024-11-28 06:44:16.212: [INFO][Sync] Loading: Web Apps
2024-11-28 06:44:16.212: [INFO][Sync] Loading: Collection
2024-11-28 06:44:16.212: [INFO][Sync] Loading: Edge E Drop
2024-11-28 06:44:16.212: [INFO][Sync] Loading: Edge Hub App Usage
2024-11-28 06:44:16.212: [INFO][Sync] Loading: Edge Tab Group
2024-11-28 06:44:16.212: [INFO][Sync] Loading: Edge Wallet
2024-11-28 06:44:16.218: [INFO][Sync] All data types are ready for configure.
2024-11-28 06:44:17.457: [INFO][Sync] Started DataTypeManager configuration, reason: 5
2024-11-28 06:44:17.457: [INFO][Sync] Configuring for: Bookmarks, Preferences, Passwords, Autofill Profiles, Autofill, Typed URLs, Extensions, Sessions, Extension settings, History Delete Directives, Device Info, User Consents, Send Tab To Self, Web Apps, Collection, Edge E Drop, Edge Hub App Usage, Edge Tab Group, Edge Wallet, Encryption Keys, reason: 5, current state: 1
2024-11-28 06:44:17.471: [INFO][SyncEngineBackend::DoStartConfiguration] Start configuration
2024-11-28 06:44:17.474: [INFO][SyncManagerImpl::NudgeForInitialDownload] Initial download nudge for Typed URLs
2024-11-28 06:44:17.474: [INFO][SyncManagerImpl::NudgeForInitialDownload] Initial download nudge for Extensions
2024-11-28 06:44:17.474: [INFO][SyncManagerImpl::NudgeForInitialDownload] Initial download nudge for Sessions
2024-11-28 06:44:17.474: [INFO][SyncManagerImpl::NudgeForInitialDownload] Initial download nudge for Extension settings
2024-11-28 06:44:17.474: [INFO][SyncManagerImpl::NudgeForInitialDownload] Initial download nudge for History Delete Directives
2024-11-28 06:44:17.474: [INFO][SyncManagerImpl::NudgeForInitialDownload] Initial download nudge for Web Apps
2024-11-28 06:44:17.474: [INFO][SyncManagerImpl::NudgeForInitialDownload] Initial download nudge for Collection
2024-11-28 06:44:17.475: [INFO][SyncManagerImpl::NudgeForInitialDownload] Initial download nudge for Edge Hub App Usage
2024-11-28 06:44:17.475: [INFO][SyncManagerImpl::NudgeForInitialDownload] Initial download nudge for Edge Tab Group
2024-11-28 06:44:17.475: [INFO][SyncManagerImpl::NudgeForInitialDownload] Initial download nudge for Edge Wallet
2024-11-28 06:44:17.475: [INFO][SyncManagerImpl::ConfigureSyncer] Types to download:  with reason: 4
2024-11-28 06:44:17.475: [INFO][SyncEngineBackend::DoFinishConfigureDataTypes] Failed to download types:  and succeeded types: 
2024-11-28 06:44:17.486: [INFO][Sync] ConfigurationDone, failed: , succeeded: , remaining count: 3
2024-11-28 06:44:17.486: [WARN][Sync]     Reconfigure requested while configuration ongoing.
2024-11-28 06:44:17.486: [INFO][Sync] Configuring for: Bookmarks, Preferences, Passwords, Autofill Profiles, Autofill, Typed URLs, Extensions, Sessions, Extension settings, History Delete Directives, Device Info, User Consents, Send Tab To Self, Web Apps, Collection, Edge E Drop, Edge Hub App Usage, Edge Tab Group, Edge Wallet, Encryption Keys, reason: 5, current state: 2
2024-11-28 06:44:17.486: [INFO][Sync] Configure, desired: Bookmarks, Preferences, Passwords, Autofill Profiles, Autofill, Typed URLs, Extensions, Sessions, Extension settings, History Delete Directives, Device Info, User Consents, Send Tab To Self, Web Apps, Collection, Edge E Drop, Edge Hub App Usage, Edge Tab Group, Edge Wallet, Encryption Keys; Allow fail: 
2024-11-28 06:44:17.487: [INFO][Sync] Loading: Passwords
2024-11-28 06:44:17.487: [INFO][Sync] Loading: Autofill Profiles
2024-11-28 06:44:17.487: [INFO][Sync] Loading: Autofill
2024-11-28 06:44:17.488: [INFO][Sync] All data types are ready for configure.
2024-11-28 06:44:17.498: [INFO][SyncManagerImpl::NudgeForInitialDownload] Initial download nudge for Passwords
2024-11-28 06:44:17.499: [INFO][SyncManagerImpl::NudgeForInitialDownload] Initial download nudge for Autofill Profiles
2024-11-28 06:44:17.500: [INFO][SyncManagerImpl::NudgeForInitialDownload] Initial download nudge for Autofill
2024-11-28 06:44:17.500: [INFO][SyncManagerImpl::ConfigureSyncer] Types to download:  with reason: 5
2024-11-28 06:44:17.500: [INFO][SyncEngineBackend::DoFinishConfigureDataTypes] Failed to download types:  and succeeded types: 
2024-11-28 06:44:17.500: [INFO][Sync] ConfigurationDone, failed: , succeeded: , remaining count: 3
2024-11-28 06:44:17.501: [INFO][Sync] Prepare to configure types: Passwords, Encryption Keys
2024-11-28 06:44:17.501: [INFO][SyncManagerImpl::ConfigureSyncer] Types to download: Passwords, Encryption Keys with reason: 5
2024-11-28 06:44:17.501: [INFO][SyncSchedulerImpl::DoConfigurationSyncCycleJob] Blocked types:  and types to download: Passwords, Encryption Keys
2024-11-28 06:44:18.424: [INFO][SyncEngineBackend::DoFinishConfigureDataTypes] Failed to download types:  and succeeded types: Passwords, Encryption Keys
2024-11-28 06:44:18.426: [INFO][Sync] ConfigurationDone, failed: , succeeded: Passwords, Encryption Keys, remaining count: 2
2024-11-28 06:44:18.426: [INFO][SyncManagerImpl::ConfigureSyncer] Types to download:  with reason: 5
2024-11-28 06:44:18.426: [INFO][SyncEngineBackend::DoFinishConfigureDataTypes] Failed to download types:  and succeeded types: 
2024-11-28 06:44:18.426: [INFO][Sync] ConfigurationDone, failed: , succeeded: , remaining count: 1
2024-11-28 06:44:18.429: [INFO][Sync] Prepare to configure types: Autofill Profiles, Autofill, Typed URLs, Extensions, Sessions, Extension settings, History Delete Directives, Web Apps, Collection, Edge Hub App Usage, Edge Tab Group, Edge Wallet, Encryption Keys
2024-11-28 06:44:18.430: [INFO][SyncManagerImpl::ConfigureSyncer] Types to download: Autofill Profiles, Autofill, Typed URLs, Extensions, Sessions, Extension settings, History Delete Directives, Web Apps, Collection, Edge Hub App Usage, Edge Tab Group, Edge Wallet, Encryption Keys with reason: 5
2024-11-28 06:44:18.430: [INFO][SyncSchedulerImpl::DoConfigurationSyncCycleJob] Blocked types:  and types to download: Autofill Profiles, Autofill, Typed URLs, Extensions, Sessions, Extension settings, History Delete Directives, Web Apps, Collection, Edge Hub App Usage, Edge Tab Group, Edge Wallet, Encryption Keys
